src/clienteAndroid/clienteAndroidDNIeoAuth2/app/build/outputs/logs/manifest-merger-debug-report.txt
-- Merging decision tree log ---
manifest
ADDED from src\main\AndroidManifest.xml:3:1-75:12
	xmlns:android
		ADDED from src\main\AndroidManifest.xml:4:5-63
	package
		ADDED from src\main\AndroidManifest.xml:5:5-28
		INJECTED from src\main\AndroidManifest.xml
		INJECTED from src\main\AndroidManifest.xml
	android:versionName
		ADDED from src\main\AndroidManifest.xml:7:5-30
		INJECTED from src\main\AndroidManifest.xml
		INJECTED from src\main\AndroidManifest.xml
	android:versionCode
		ADDED from src\main\AndroidManifest.xml:6:5-28
		INJECTED from src\main\AndroidManifest.xml
		INJECTED from src\main\AndroidManifest.xml
uses-sdk
ADDED from src\main\AndroidManifest.xml:9:5-74
MERGED from [com.android.support:support-v4:23.0.0] AndroidManifest.xml:20:5-43
MERGED from [clienteAndroidDNIeoAuth2:dniedroid:unspecified] AndroidManifest.xml:7:5-9:41
	android:targetSdkVersion
		ADDED from src\main\AndroidManifest.xml:9:42-71
		INJECTED from src\main\AndroidManifest.xml
		INJECTED from src\main\AndroidManifest.xml
	android:minSdkVersion
		ADDED from src\main\AndroidManifest.xml:9:15-41
		INJECTED from src\main\AndroidManifest.xml
		INJECTED from src\main\AndroidManifest.xml
uses-permission#android.permission.WRITE_EXTERNAL_STORAGE
ADDED from src\main\AndroidManifest.xml:10:5-80
	android:name
		ADDED from src\main\AndroidManifest.xml:10:22-78
uses-permission#android.permission.INTERNET
ADDED from src\main\AndroidManifest.xml:11:5-67
	android:name
		ADDED from src\main\AndroidManifest.xml:11:22-64
uses-permission#android.permission.NFC
ADDED from src\main\AndroidManifest.xml:12:5-61
MERGED from [clienteAndroidDNIeoAuth2:dniedroid:unspecified] AndroidManifest.xml:15:5-62
	android:name
		ADDED from src\main\AndroidManifest.xml:12:22-59
uses-feature#android.hardware.nfc
ADDED from src\main\AndroidManifest.xml:13:5-81
MERGED from [clienteAndroidDNIeoAuth2:dniedroid:unspecified] AndroidManifest.xml:11:5-13:35
	android:required
		ADDED from src\main\AndroidManifest.xml:13:55-78
	android:name
		ADDED from src\main\AndroidManifest.xml:13:19-54
application
ADDED from src\main\AndroidManifest.xml:15:5-73:19
MERGED from [com.android.support:support-v4:23.0.0] AndroidManifest.xml:22:5-20
MERGED from [clienteAndroidDNIeoAuth2:dniedroid:unspecified] AndroidManifest.xml:17:5-21:19
	android:label
		ADDED from src\main\AndroidManifest.xml:18:9-41
	android:allowBackup
		ADDED from src\main\AndroidManifest.xml:20:9-35
	android:icon
		ADDED from src\main\AndroidManifest.xml:17:9-45
	android:theme
		ADDED from src\main\AndroidManifest.xml:19:9-40
	android:name
		ADDED from src\main\AndroidManifest.xml:16:9-39
activity#com.dnieadmin.DNIeAdmin
ADDED from src\main\AndroidManifest.xml:21:9-35:20
	android:screenOrientation
		ADDED from src\main\AndroidManifest.xml:24:13-49
	android:label
		ADDED from src\main\AndroidManifest.xml:23:13-50
	android:name
		ADDED from src\main\AndroidManifest.xml:22:13-38
intent-filter#android.intent.action.MAIN+android.intent.category.LAUNCHER
ADDED from src\main\AndroidManifest.xml:25:13-28:29
action#android.intent.action.MAIN
ADDED from src\main\AndroidManifest.xml:26:17-69
	android:name
		ADDED from src\main\AndroidManifest.xml:26:25-66
category#android.intent.category.LAUNCHER
ADDED from src\main\AndroidManifest.xml:27:17-77
	android:name
		ADDED from src\main\AndroidManifest.xml:27:27-74
intent-filter#android.intent.action.VIEW+android.intent.category.BROWSABLE+android.intent.category.DEFAULT
ADDED from src\main\AndroidManifest.xml:29:13-34:29
action#android.intent.action.VIEW
ADDED from src\main\AndroidManifest.xml:30:17-68
	android:name
		ADDED from src\main\AndroidManifest.xml:30:25-66
category#android.intent.category.DEFAULT
ADDED from src\main\AndroidManifest.xml:31:17-75
	android:name
		ADDED from src\main\AndroidManifest.xml:31:27-73
category#android.intent.category.BROWSABLE
ADDED from src\main\AndroidManifest.xml:32:17-77
	android:name
		ADDED from src\main\AndroidManifest.xml:32:27-75
data
ADDED from src\main\AndroidManifest.xml:33:17-83
	android:host
		ADDED from src\main\AndroidManifest.xml:33:45-64
	android:path
		ADDED from src\main\AndroidManifest.xml:33:65-81
	android:scheme
		ADDED from src\main\AndroidManifest.xml:33:23-44
activity#com.dnieadmin.NFCOperationsEnc
ADDED from src\main\AndroidManifest.xml:37:9-50:20
	android:screenOrientation
		ADDED from src\main\AndroidManifest.xml:39:13-51
	android:label
		ADDED from src\main\AndroidManifest.xml:38:13-52
	android:enabled
		ADDED from src\main\AndroidManifest.xml:41:13-38
	android:name
		ADDED from src\main\AndroidManifest.xml:37:19-51
	android:launchMode
		ADDED from src\main\AndroidManifest.xml:40:13-44
intent-filter#android.intent.category.DEFAULT+android.nfc.action.TAG_DISCOVERED
ADDED from src\main\AndroidManifest.xml:42:13-45:29
action#android.nfc.action.TAG_DISCOVERED
ADDED from src\main\AndroidManifest.xml:43:17-75
	android:name
		ADDED from src\main\AndroidManifest.xml:43:25-73
meta-data#android.nfc.action.TAG_DISCOVERED
ADDED from src\main\AndroidManifest.xml:46:13-49:15
	android:resource
		ADDED from src\main\AndroidManifest.xml:48:17-51
	android:name
		ADDED from src\main\AndroidManifest.xml:47:17-65
activity#com.dnieadmin.NFCOperationsEncKitKat
ADDED from src\main\AndroidManifest.xml:52:9-54:53
	android:screenOrientation
		ADDED from src\main\AndroidManifest.xml:54:13-51
	android:label
		ADDED from src\main\AndroidManifest.xml:53:13-52
	android:name
		ADDED from src\main\AndroidManifest.xml:52:19-57
activity#com.dnieadmin.DNIeCanSelection
ADDED from src\main\AndroidManifest.xml:56:9-59:54
	android:windowSoftInputMode
		ADDED from src\main\AndroidManifest.xml:59:13-52
	android:screenOrientation
		ADDED from src\main\AndroidManifest.xml:58:13-49
	android:label
		ADDED from src\main\AndroidManifest.xml:57:13-56
	android:name
		ADDED from src\main\AndroidManifest.xml:56:19-51
activity#com.dnieadmin.DNIeReader
ADDED from src\main\AndroidManifest.xml:61:9-63:51
	android:screenOrientation
		ADDED from src\main\AndroidManifest.xml:63:13-49
	android:label
		ADDED from src\main\AndroidManifest.xml:62:13-59
	android:name
		ADDED from src\main\AndroidManifest.xml:61:19-45
activity#com.dnieadmin.SocketOperations
ADDED from src\main\AndroidManifest.xml:65:9-67:51
	android:screenOrientation
		ADDED from src\main\AndroidManifest.xml:67:13-49
	android:label
		ADDED from src\main\AndroidManifest.xml:66:13-59
	android:name
		ADDED from src\main\AndroidManifest.xml:65:19-51
activity#com.dnieadmin.MyWebView
ADDED from src\main\AndroidManifest.xml:69:9-71:51
	android:screenOrientation
		ADDED from src\main\AndroidManifest.xml:71:13-49
	android:label
		ADDED from src\main\AndroidManifest.xml:70:13-59
	android:name
		ADDED from src\main\AndroidManifest.xml:69:19-44